sql [2021-09-28 09:42:49] [DEBUG]: Executing (default): SELECT 1+1 AS result

sql [2021-09-28 09:46:52] [DEBUG]: Executing (default): SELECT 1+1 AS result

sql [2021-09-28 09:47:37] [DEBUG]: Executing (default): SELECT 1+1 AS result

sql [2021-09-28 09:51:56] [DEBUG]: Executing (default): SELECT `_id`, `_user_name`, `_user_id`, `_mobile`, `_email`, `_ctime`, `_utime` FROM `_user_info` AS `_user_info`;

sql [2021-09-28 10:44:35] [DEBUG]: Executing (default): SELECT 1+1 AS result

sql [2021-09-28 10:45:34] [DEBUG]: Executing (default): SELECT 1+1 AS result

sql [2021-09-28 10:57:32] [DEBUG]: Executing (default): SELECT 1+1 AS result

sql [2021-09-28 10:59:01] [DEBUG]: Executing (default): UPDATE `_user_info` SET `_user_name`=?,`_mobile`=?,`_email`=? WHERE `_user_id` = ?

sql [2021-09-28 10:59:59] [DEBUG]: Executing (default): INSERT INTO `_position` (`id`,`orgId`,`positionId`,`positionName`,`_utime`) VALUES (?,?,?,?,?);

sql [2021-09-28 11:00:28] [DEBUG]: Executing (default): SELECT 1+1 AS result

sql [2021-09-28 11:00:36] [DEBUG]: Executing (default): INSERT INTO `_position` (`id`,`orgId`,`positionId`,`positionName`,`_utime`) VALUES (?,?,?,?,?);

sql [2021-09-28 11:02:44] [DEBUG]: Executing (default): SELECT 1+1 AS result

sql [2021-09-28 11:02:50] [DEBUG]: Executing (default): INSERT INTO `_position` (`id`,`orgId`,`positionId`,`positionName`,`_utime`) VALUES (?,?,?,?,?);

sql [2021-09-28 11:04:33] [DEBUG]: Executing (default): INSERT INTO `_position` (`id`,`orgId`,`positionId`,`positionName`,`_utime`) VALUES (?,?,?,?,?);

sql [2021-09-28 11:05:39] [DEBUG]: Executing (default): SELECT 1+1 AS result

sql [2021-09-28 11:05:42] [DEBUG]: Executing (default): INSERT INTO `_position` (`id`,`orgId`,`positionId`,`positionName`,`_ctime`,`_utime`) VALUES (?,?,?,?,?,?);

sql [2021-09-28 11:06:48] [DEBUG]: Executing (default): SELECT 1+1 AS result

sql [2021-09-28 11:07:56] [DEBUG]: Executing (default): SELECT 1+1 AS result

sql [2021-09-28 11:07:59] [DEBUG]: Executing (default): INSERT INTO `_position` (`id`,`orgId`,`positionId`,`positionName`,`_ctime`,`_utime`) VALUES (?,?,?,?,?,?);

sql [2021-09-28 11:09:40] [DEBUG]: Executing (default): SELECT `id`, `orgId`, `positionGroup`, `positionId`, `positionName`, `_ctime`, `_utime` FROM `_position` AS `_position`;

sql [2021-09-28 11:17:43] [DEBUG]: Executing (default): SELECT `id`, `orgId`, `positionGroup`, `positionId`, `positionName`, `_ctime`, `_utime` FROM `_position` AS `_position`;

sql [2021-09-28 11:17:49] [DEBUG]: Executing (default): SELECT `id`, `orgId`, `positionGroup`, `positionId`, `positionName`, `_ctime`, `_utime` FROM `_position` AS `_position`;

sql [2021-09-28 11:23:04] [DEBUG]: Executing (default): SELECT 1+1 AS result

sql [2021-09-28 11:23:16] [DEBUG]: Executing (default): SELECT `id`, `orgId`, `positionGroup`, `positionId`, `positionName`, `_ctime`, `_utime` FROM `_position` AS `_position`;

sql [2021-09-28 11:23:57] [DEBUG]: Executing (default): SELECT `id`, `orgId`, `positionGroup`, `positionId`, `positionName`, `_ctime`, `_utime` FROM `_position` AS `_position`;

sql [2021-09-28 11:26:24] [DEBUG]: Executing (default): SELECT `id`, `orgId`, `positionGroup`, `positionId`, `positionName`, `_ctime`, `_utime` FROM `_position` AS `_position`;

sql [2021-09-28 11:26:28] [DEBUG]: Executing (default): SELECT `id`, `orgId`, `positionGroup`, `positionId`, `positionName`, `_ctime`, `_utime` FROM `_position` AS `_position`;

sql [2021-09-28 11:29:38] [DEBUG]: Executing (default): SELECT 1+1 AS result

sql [2021-09-28 11:29:44] [DEBUG]: Executing (default): SELECT `orgId`, `positionGroup`, `positionId`, `positionName` FROM `_position` AS `_position`;

sql [2021-09-28 11:37:11] [DEBUG]: Executing (default): SELECT `orgId`, `positionGroup`, `positionId`, `positionName` FROM `_position` AS `_position`;

sql [2021-09-28 11:37:12] [DEBUG]: Executing (default): SELECT `orgId`, `positionGroup`, `positionId`, `positionName` FROM `_position` AS `_position`;

sql [2021-09-28 11:45:31] [DEBUG]: Executing (default): SELECT 1+1 AS result

sql [2021-09-28 11:45:50] [DEBUG]: Executing (default): SELECT `orgId`, `positionGroup`, `positionId`, `positionName` FROM `_position` AS `_position`;

sql [2021-09-28 11:46:21] [DEBUG]: Executing (default): INSERT INTO `_position` (`id`,`orgId`,`positionGroup`,`positionId`,`positionName`,`_ctime`,`_utime`) VALUES (?,?,?,?,?,?,?);

sql [2021-09-28 11:48:52] [DEBUG]: Executing (default): SELECT `orgId`, `positionGroup`, `positionId`, `positionName` FROM `_position` AS `_position`;

sql [2021-09-28 11:49:12] [DEBUG]: Executing (default): SELECT `orgId`, `positionGroup`, `positionId`, `positionName` FROM `_position` AS `_position`;

sql [2021-09-28 11:50:14] [DEBUG]: Executing (default): INSERT INTO `_position` (`id`,`orgId`,`positionGroup`,`positionId`,`positionName`,`_ctime`,`_utime`) VALUES (?,?,?,?,?,?,?);

sql [2021-09-28 11:50:20] [DEBUG]: Executing (default): SELECT `orgId`, `positionGroup`, `positionId`, `positionName` FROM `_position` AS `_position`;

sql [2021-09-28 11:52:01] [DEBUG]: Executing (default): SELECT `orgId`, `positionGroup`, `positionId`, `positionName` FROM `_position` AS `_position`;

sql [2021-09-28 11:52:19] [DEBUG]: Executing (default): INSERT INTO `_position` (`id`,`orgId`,`positionGroup`,`positionId`,`positionName`,`_ctime`,`_utime`) VALUES (?,?,?,?,?,?,?);

sql [2021-09-28 11:52:19] [DEBUG]: Executing (default): SELECT `orgId`, `positionGroup`, `positionId`, `positionName` FROM `_position` AS `_position`;

sql [2021-09-28 11:53:50] [DEBUG]: Executing (default): SELECT `orgId`, `positionGroup`, `positionId`, `positionName` FROM `_position` AS `_position`;

sql [2021-09-28 12:00:06] [DEBUG]: Executing (default): SELECT 1+1 AS result

sql [2021-09-28 12:00:43] [DEBUG]: Executing (default): SELECT 1+1 AS result

sql [2021-09-28 12:06:57] [DEBUG]: Executing (default): SELECT `orgId`, `positionGroup`, `positionId`, `positionName` FROM `_position` AS `_position`;

sql [2021-09-28 12:07:42] [DEBUG]: Executing (default): SELECT `orgId`, `positionGroup`, `positionId`, `positionName` FROM `_position` AS `_position`;

sql [2021-09-28 12:09:37] [DEBUG]: Executing (default): INSERT INTO `_position` (`id`,`orgId`,`positionGroup`,`positionId`,`positionName`,`_ctime`,`_utime`) VALUES (?,?,?,?,?,?,?);

sql [2021-09-28 12:09:37] [DEBUG]: Executing (default): SELECT `orgId`, `positionGroup`, `positionId`, `positionName` FROM `_position` AS `_position`;

sql [2021-09-28 13:25:07] [DEBUG]: Executing (default): SELECT 1+1 AS result

sql [2021-09-28 13:27:38] [DEBUG]: Executing (default): SELECT 1+1 AS result

sql [2021-09-28 13:27:41] [DEBUG]: Executing (default): SELECT 1+1 AS result

sql [2021-09-28 13:29:28] [DEBUG]: Executing (default): SELECT 1+1 AS result

sql [2021-09-28 13:30:19] [DEBUG]: Executing (default): SELECT `orgId`, `positionGroup`, `positionId`, `positionName` FROM `_position` AS `_position`;

sql [2021-09-28 13:31:47] [DEBUG]: Executing (default): SELECT `orgId`, `positionGroup`, `positionId`, `positionName` FROM `_position` AS `_position`;

sql [2021-09-28 13:32:50] [DEBUG]: Executing (default): SELECT `orgId`, `positionGroup`, `positionId`, `positionName` FROM `_position` AS `_position`;

sql [2021-09-28 13:33:00] [DEBUG]: Executing (default): DELETE FROM `_position` WHERE `orgId` = '441683930337247232' AND `positionId` = '695196505694438654'

sql [2021-09-28 13:33:00] [DEBUG]: Executing (default): SELECT `orgId`, `positionGroup`, `positionId`, `positionName` FROM `_position` AS `_position`;

sql [2021-09-28 13:33:16] [DEBUG]: Executing (default): INSERT INTO `_position` (`id`,`orgId`,`positionGroup`,`positionId`,`positionName`,`_ctime`,`_utime`) VALUES (?,?,?,?,?,?,?);

sql [2021-09-28 13:33:16] [DEBUG]: Executing (default): SELECT `orgId`, `positionGroup`, `positionId`, `positionName` FROM `_position` AS `_position`;

sql [2021-09-28 13:34:41] [DEBUG]: Executing (default): DELETE FROM `_position` WHERE `orgId` = '441683930337247232' AND `positionId` = '244456824029620580'

sql [2021-09-28 13:34:41] [DEBUG]: Executing (default): SELECT `orgId`, `positionGroup`, `positionId`, `positionName` FROM `_position` AS `_position`;

sql [2021-09-28 13:34:44] [DEBUG]: Executing (default): DELETE FROM `_position` WHERE `orgId` = '441683930337247232' AND `positionId` = '277501900070600830'

sql [2021-09-28 13:34:44] [DEBUG]: Executing (default): SELECT `orgId`, `positionGroup`, `positionId`, `positionName` FROM `_position` AS `_position`;

sql [2021-09-28 13:34:46] [DEBUG]: Executing (default): DELETE FROM `_position` WHERE `orgId` = '441683930337247232' AND `positionId` = '932379947707622697'

sql [2021-09-28 13:34:46] [DEBUG]: Executing (default): SELECT `orgId`, `positionGroup`, `positionId`, `positionName` FROM `_position` AS `_position`;

sql [2021-09-28 13:34:48] [DEBUG]: Executing (default): DELETE FROM `_position` WHERE `orgId` = '441683930337247232' AND `positionId` = '671685314328535496'

sql [2021-09-28 13:34:48] [DEBUG]: Executing (default): SELECT `orgId`, `positionGroup`, `positionId`, `positionName` FROM `_position` AS `_position`;

sql [2021-09-28 13:34:54] [DEBUG]: Executing (default): INSERT INTO `_position` (`id`,`orgId`,`positionGroup`,`positionId`,`positionName`,`_ctime`,`_utime`) VALUES (?,?,?,?,?,?,?);

sql [2021-09-28 13:34:54] [DEBUG]: Executing (default): SELECT `orgId`, `positionGroup`, `positionId`, `positionName` FROM `_position` AS `_position`;

sql [2021-09-28 13:35:25] [DEBUG]: Executing (default): SELECT `orgId`, `positionGroup`, `positionId`, `positionName` FROM `_position` AS `_position`;

sql [2021-09-28 13:35:34] [DEBUG]: Executing (default): INSERT INTO `_position` (`id`,`orgId`,`positionGroup`,`positionId`,`positionName`,`_ctime`,`_utime`) VALUES (?,?,?,?,?,?,?);

sql [2021-09-28 13:35:34] [DEBUG]: Executing (default): SELECT `orgId`, `positionGroup`, `positionId`, `positionName` FROM `_position` AS `_position`;

sql [2021-09-28 13:35:56] [DEBUG]: Executing (default): INSERT INTO `_position` (`id`,`orgId`,`positionGroup`,`positionId`,`positionName`,`_ctime`,`_utime`) VALUES (?,?,?,?,?,?,?);

sql [2021-09-28 13:35:56] [DEBUG]: Executing (default): SELECT `orgId`, `positionGroup`, `positionId`, `positionName` FROM `_position` AS `_position`;

sql [2021-09-28 13:37:23] [DEBUG]: Executing (default): UPDATE `_position` SET `positionName`=?,`_utime`=? WHERE `orgId` = ? AND `positionId` = ?

sql [2021-09-28 13:37:23] [DEBUG]: Executing (default): SELECT `orgId`, `positionGroup`, `positionId`, `positionName` FROM `_position` AS `_position`;

sql [2021-09-28 13:37:35] [DEBUG]: Executing (default): UPDATE `_position` SET `positionName`=?,`_utime`=? WHERE `orgId` = ? AND `positionId` = ?

sql [2021-09-28 13:37:35] [DEBUG]: Executing (default): SELECT `orgId`, `positionGroup`, `positionId`, `positionName` FROM `_position` AS `_position`;

sql [2021-09-28 13:44:08] [DEBUG]: Executing (default): SELECT 1+1 AS result

sql [2021-09-28 13:44:25] [DEBUG]: Executing (default): SELECT `orgId`, `positionGroup`, `positionId`, `positionName` FROM `_position` AS `_position`;

sql [2021-09-28 13:44:42] [DEBUG]: Executing (default): SELECT `orgId`, `positionGroup`, `positionId`, `positionName` FROM `_position` AS `_position`;

sql [2021-09-28 13:49:05] [DEBUG]: Executing (default): SELECT `orgId`, `positionGroup`, `positionId`, `positionName` FROM `_position` AS `_position`;

sql [2021-09-28 13:50:29] [DEBUG]: Executing (default): SELECT `orgId`, `positionGroup`, `positionId`, `positionName` FROM `_position` AS `_position`;

sql [2021-09-28 13:54:05] [DEBUG]: Executing (default): SELECT `orgId`, `positionGroup`, `positionId`, `positionName` FROM `_position` AS `_position`;

sql [2021-09-28 13:55:41] [DEBUG]: Executing (default): SELECT `orgId`, `positionGroup`, `positionId`, `positionName` FROM `_position` AS `_position`;

sql [2021-09-28 13:55:48] [DEBUG]: Executing (default): SELECT `orgId`, `positionGroup`, `positionId`, `positionName` FROM `_position` AS `_position`;

sql [2021-09-28 13:56:12] [DEBUG]: Executing (default): SELECT `orgId`, `positionGroup`, `positionId`, `positionName` FROM `_position` AS `_position`;

sql [2021-09-28 13:56:15] [DEBUG]: Executing (default): SELECT `orgId`, `positionGroup`, `positionId`, `positionName` FROM `_position` AS `_position`;

sql [2021-09-28 14:00:16] [DEBUG]: Executing (default): SELECT `orgId`, `positionGroup`, `positionId`, `positionName` FROM `_position` AS `_position`;

sql [2021-09-28 14:02:12] [DEBUG]: Executing (default): SELECT 1+1 AS result

sql [2021-09-28 14:08:32] [DEBUG]: Executing (default): SELECT 1+1 AS result

sql [2021-09-28 14:08:55] [DEBUG]: Executing (default): SELECT 1+1 AS result

sql [2021-09-28 14:12:08] [DEBUG]: Executing (default): SELECT 1+1 AS result

sql [2021-09-28 14:12:43] [DEBUG]: Executing (default): SELECT 1+1 AS result

sql [2021-09-28 14:13:17] [DEBUG]: Executing (default): SELECT 1+1 AS result

sql [2021-09-28 14:19:43] [DEBUG]: Executing (default): SELECT 1+1 AS result

sql [2021-09-28 14:19:55] [DEBUG]: Executing (default): SELECT 1+1 AS result

sql [2021-09-28 14:21:09] [DEBUG]: Executing (default): SELECT 1+1 AS result

sql [2021-09-28 14:22:01] [DEBUG]: Executing (default): SELECT 1+1 AS result

sql [2021-09-28 14:26:47] [DEBUG]: Executing (default): SELECT 1+1 AS result

sql [2021-09-28 14:27:04] [DEBUG]: Executing (default): SELECT 1+1 AS result

sql [2021-09-28 14:27:47] [DEBUG]: Executing (default): SELECT 1+1 AS result

sql [2021-09-28 14:28:43] [DEBUG]: Executing (default): SELECT 1+1 AS result

sql [2021-09-28 14:29:03] [DEBUG]: Executing (default): SELECT 1+1 AS result

sql [2021-09-28 14:29:50] [DEBUG]: Executing (default): SELECT `orgId`, `positionGroup`, `positionId`, `positionName` FROM `_position` AS `_position`;

sql [2021-09-28 14:31:36] [DEBUG]: Executing (default): SELECT `orgId`, `positionGroup`, `positionId`, `positionName` FROM `_position` AS `_position`;

sql [2021-09-28 14:31:38] [DEBUG]: Executing (default): SELECT `orgId`, `positionGroup`, `positionId`, `positionName` FROM `_position` AS `_position`;

sql [2021-09-28 14:31:46] [DEBUG]: Executing (default): INSERT INTO `_position` (`id`,`orgId`,`positionGroup`,`positionId`,`positionName`,`_ctime`,`_utime`) VALUES (?,?,?,?,?,?,?);

sql [2021-09-28 14:31:46] [DEBUG]: Executing (default): SELECT `orgId`, `positionGroup`, `positionId`, `positionName` FROM `_position` AS `_position`;

sql [2021-09-28 14:31:52] [DEBUG]: Executing (default): DELETE FROM `_position` WHERE `orgId` = '441683930337247232' AND `positionId` = '325189560251593329'

sql [2021-09-28 14:31:52] [DEBUG]: Executing (default): SELECT `orgId`, `positionGroup`, `positionId`, `positionName` FROM `_position` AS `_position`;

sql [2021-09-28 14:32:00] [DEBUG]: Executing (default): SELECT `orgId`, `positionGroup`, `positionId`, `positionName` FROM `_position` AS `_position`;

sql [2021-09-28 14:33:13] [DEBUG]: Executing (default): SELECT `orgId`, `positionGroup`, `positionId`, `positionName` FROM `_position` AS `_position`;

sql [2021-09-28 14:34:00] [DEBUG]: Executing (default): SELECT `orgId`, `positionGroup`, `positionId`, `positionName` FROM `_position` AS `_position`;

sql [2021-09-28 14:34:07] [DEBUG]: Executing (default): SELECT `orgId`, `positionGroup`, `positionId`, `positionName` FROM `_position` AS `_position`;

sql [2021-09-28 14:35:31] [DEBUG]: Executing (default): SELECT `orgId`, `positionGroup`, `positionId`, `positionName` FROM `_position` AS `_position`;

sql [2021-09-28 14:36:18] [DEBUG]: Executing (default): SELECT `orgId`, `positionGroup`, `positionId`, `positionName` FROM `_position` AS `_position`;

sql [2021-09-28 14:36:22] [DEBUG]: Executing (default): SELECT `orgId`, `positionGroup`, `positionId`, `positionName` FROM `_position` AS `_position`;

sql [2021-09-28 14:38:07] [DEBUG]: Executing (default): SELECT `orgId`, `positionGroup`, `positionId`, `positionName` FROM `_position` AS `_position`;

sql [2021-09-28 14:38:38] [DEBUG]: Executing (default): SELECT `orgId`, `positionGroup`, `positionId`, `positionName` FROM `_position` AS `_position`;

sql [2021-09-28 14:38:41] [DEBUG]: Executing (default): SELECT `orgId`, `positionGroup`, `positionId`, `positionName` FROM `_position` AS `_position`;

sql [2021-09-28 14:39:08] [DEBUG]: Executing (default): SELECT `orgId`, `positionGroup`, `positionId`, `positionName` FROM `_position` AS `_position`;

sql [2021-09-28 14:39:19] [DEBUG]: Executing (default): SELECT `orgId`, `positionGroup`, `positionId`, `positionName` FROM `_position` AS `_position`;

sql [2021-09-28 14:39:22] [DEBUG]: Executing (default): SELECT `orgId`, `positionGroup`, `positionId`, `positionName` FROM `_position` AS `_position`;

sql [2021-09-28 14:39:29] [DEBUG]: Executing (default): SELECT `orgId`, `positionGroup`, `positionId`, `positionName` FROM `_position` AS `_position`;

sql [2021-09-28 14:39:31] [DEBUG]: Executing (default): SELECT `orgId`, `positionGroup`, `positionId`, `positionName` FROM `_position` AS `_position`;

sql [2021-09-28 14:39:57] [DEBUG]: Executing (default): SELECT `orgId`, `positionGroup`, `positionId`, `positionName` FROM `_position` AS `_position`;

sql [2021-09-28 14:48:12] [DEBUG]: Executing (default): SELECT `orgId`, `positionGroup`, `positionId`, `positionName` FROM `_position` AS `_position`;

sql [2021-09-28 14:49:20] [DEBUG]: Executing (default): SELECT `orgId`, `positionGroup`, `positionId`, `positionName` FROM `_position` AS `_position`;

sql [2021-09-28 14:50:34] [DEBUG]: Executing (default): SELECT `orgId`, `positionGroup`, `positionId`, `positionName` FROM `_position` AS `_position`;

sql [2021-09-28 14:51:47] [DEBUG]: Executing (default): SELECT `orgId`, `positionGroup`, `positionId`, `positionName` FROM `_position` AS `_position`;

sql [2021-09-28 14:52:59] [DEBUG]: Executing (default): SELECT `id`, `orgId`, `userId`, `positionId`, `roleId`, `roleName`, `_ctime`, `_utime` FROM `_position_role` AS `_position_role` WHERE `_position_role`.`orgId` = '441683930337247232' AND `_position_role`.`positionId` = '173237218896520254';

sql [2021-09-28 14:53:47] [DEBUG]: Executing (default): SELECT 1+1 AS result

sql [2021-09-28 14:53:54] [DEBUG]: Executing (default): SELECT `id`, `orgId`, `userId`, `positionId`, `roleId`, `roleName`, `_ctime`, `_utime` FROM `_position_role` AS `_position_role` WHERE `_position_role`.`orgId` = '441683930337247232' AND `_position_role`.`positionId` = '173237218896520254';

sql [2021-09-28 14:54:12] [DEBUG]: Executing (default): SELECT 1+1 AS result

sql [2021-09-28 14:54:13] [DEBUG]: Executing (default): SELECT `id`, `orgId`, `userId`, `positionId`, `roleId`, `roleName`, `_ctime`, `_utime` FROM `_position_role` AS `_position_role` WHERE `_position_role`.`orgId` = '441683930337247232' AND `_position_role`.`positionId` = '173237218896520254';

sql [2021-09-28 14:57:12] [DEBUG]: Executing (default): SELECT `orgId`, `positionGroup`, `positionId`, `positionName` FROM `_position` AS `_position`;

sql [2021-09-28 15:07:40] [DEBUG]: Executing (default): SELECT `orgId`, `positionGroup`, `positionId`, `positionName` FROM `_position` AS `_position`;

sql [2021-09-28 15:08:01] [DEBUG]: Executing (default): SELECT `orgId`, `positionGroup`, `positionId`, `positionName` FROM `_position` AS `_position`;

sql [2021-09-28 15:12:39] [DEBUG]: Executing (default): SELECT `id`, `orgId`, `userId`, `positionId`, `roleId`, `roleName`, `_ctime`, `_utime` FROM `_position_role` AS `_position_role` WHERE `_position_role`.`orgId` = '441683930337247232' AND `_position_role`.`positionId` = '173237218896520254';

sql [2021-09-28 15:16:04] [DEBUG]: Executing (default): SELECT `orgId`, `positionGroup`, `positionId`, `positionName` FROM `_position` AS `_position`;

sql [2021-09-28 15:16:06] [DEBUG]: Executing (default): SELECT `id`, `orgId`, `userId`, `positionId`, `roleId`, `roleName`, `_ctime`, `_utime` FROM `_position_role` AS `_position_role` WHERE `_position_role`.`orgId` = '441683930337247232' AND `_position_role`.`positionId` = '173237218896520254';

sql [2021-09-28 15:16:17] [DEBUG]: Executing (default): SELECT `id`, `orgId`, `userId`, `positionId`, `roleId`, `roleName`, `_ctime`, `_utime` FROM `_position_role` AS `_position_role` WHERE `_position_role`.`orgId` = '441683930337247232' AND `_position_role`.`positionId` = '173237218896520254';

sql [2021-09-28 15:28:23] [DEBUG]: Executing (default): SELECT `orgId`, `positionGroup`, `positionId`, `positionName` FROM `_position` AS `_position`;

sql [2021-09-28 15:28:26] [DEBUG]: Executing (default): SELECT `id`, `orgId`, `userId`, `positionId`, `roleId`, `roleName`, `_ctime`, `_utime` FROM `_position_role` AS `_position_role` WHERE `_position_role`.`orgId` = '441683930337247232' AND `_position_role`.`positionId` = '173237218896520254';

sql [2021-09-28 15:28:28] [DEBUG]: Executing (default): SELECT `id`, `orgId`, `userId`, `positionId`, `roleId`, `roleName`, `_ctime`, `_utime` FROM `_position_role` AS `_position_role` WHERE `_position_role`.`orgId` = '441683930337247232' AND `_position_role`.`positionId` = '173237218896520254';

sql [2021-09-28 15:28:31] [DEBUG]: Executing (default): SELECT `id`, `orgId`, `userId`, `positionId`, `roleId`, `roleName`, `_ctime`, `_utime` FROM `_position_role` AS `_position_role` WHERE `_position_role`.`orgId` = '441683930337247232' AND `_position_role`.`positionId` = '811950421419579530';

sql [2021-09-28 15:28:32] [DEBUG]: Executing (default): SELECT `id`, `orgId`, `userId`, `positionId`, `roleId`, `roleName`, `_ctime`, `_utime` FROM `_position_role` AS `_position_role` WHERE `_position_role`.`orgId` = '441683930337247232' AND `_position_role`.`positionId` = '811950421419579530';

sql [2021-09-28 15:28:34] [DEBUG]: Executing (default): SELECT `id`, `orgId`, `userId`, `positionId`, `roleId`, `roleName`, `_ctime`, `_utime` FROM `_position_role` AS `_position_role` WHERE `_position_role`.`orgId` = '441683930337247232' AND `_position_role`.`positionId` = '898754636129066197';

sql [2021-09-28 15:28:36] [DEBUG]: Executing (default): SELECT `id`, `orgId`, `userId`, `positionId`, `roleId`, `roleName`, `_ctime`, `_utime` FROM `_position_role` AS `_position_role` WHERE `_position_role`.`orgId` = '441683930337247232' AND `_position_role`.`positionId` = '173237218896520254';

sql [2021-09-28 15:28:39] [DEBUG]: Executing (default): SELECT `id`, `orgId`, `userId`, `positionId`, `roleId`, `roleName`, `_ctime`, `_utime` FROM `_position_role` AS `_position_role` WHERE `_position_role`.`orgId` = '441683930337247232' AND `_position_role`.`positionId` = '811950421419579530';

sql [2021-09-28 15:39:16] [DEBUG]: Executing (default): SELECT `id`, `orgId`, `userId`, `positionId`, `roleId`, `roleName`, `_ctime`, `_utime` FROM `_position_role` AS `_position_role` WHERE `_position_role`.`orgId` = '441683930337247232' AND `_position_role`.`positionId` = '191356200050386899';

sql [2021-09-28 15:39:19] [DEBUG]: Executing (default): SELECT `id`, `orgId`, `userId`, `positionId`, `roleId`, `roleName`, `_ctime`, `_utime` FROM `_position_role` AS `_position_role` WHERE `_position_role`.`orgId` = '441683930337247232' AND `_position_role`.`positionId` = '173237218896520254';

sql [2021-09-28 16:32:09] [DEBUG]: Executing (default): SELECT `orgId`, `positionGroup`, `positionId`, `positionName` FROM `_position` AS `_position`;

sql [2021-09-28 16:32:45] [DEBUG]: Executing (default): SELECT `orgId`, `positionGroup`, `positionId`, `positionName` FROM `_position` AS `_position`;

sql [2021-09-28 16:34:07] [DEBUG]: Executing (default): SELECT `orgId`, `positionGroup`, `positionId`, `positionName` FROM `_position` AS `_position`;

sql [2021-09-28 16:34:18] [DEBUG]: Executing (default): SELECT `orgId`, `positionGroup`, `positionId`, `positionName` FROM `_position` AS `_position`;

sql [2021-09-28 16:34:59] [DEBUG]: Executing (default): SELECT `orgId`, `positionGroup`, `positionId`, `positionName` FROM `_position` AS `_position`;

sql [2021-09-28 16:35:18] [DEBUG]: Executing (default): SELECT `orgId`, `positionGroup`, `positionId`, `positionName` FROM `_position` AS `_position`;

sql [2021-09-28 17:03:40] [DEBUG]: Executing (default): SELECT `orgId`, `positionGroup`, `positionId`, `positionName` FROM `_position` AS `_position`;

